2026-02-15 14:18:56,102 - ai-cv-advisor - INFO - Using system default models for Google.
2026-02-15 14:19:34,586 - ai-cv-advisor - INFO - Using system default models for Google.
2026-02-15 14:19:38,223 - ai-cv-advisor - INFO - Using system default models for Google.
2026-02-15 14:19:47,447 - ai-cv-advisor - INFO - Parsing CV file: Carlos Rodriguez Trigueros - 2026.pdf
2026-02-15 14:19:54,458 - ai-cv-advisor - INFO - Attempting to scrape job from: https://www.linkedin.com/jobs/view/4292334898/
2026-02-15 14:19:55,070 - ai-cv-advisor - INFO - Successfully scraped 8758 characters from https://www.linkedin.com/jobs/view/4292334898/
2026-02-15 14:20:01,186 - ai-cv-advisor - INFO - Loading personas from /Users/k/Documents/GitHub/ai-cv-advisor-board/personas
2026-02-15 14:20:01,190 - ai-cv-advisor - ERROR - Error loading personas from product_design.yaml: 'role'
2026-02-15 14:20:01,192 - ai-cv-advisor - ERROR - Error loading personas from matchmaker.yaml: 'role'
2026-02-15 14:20:01,194 - ai-cv-advisor - ERROR - Error loading personas from it_specialist.yaml: 'role'
2026-02-15 14:20:01,196 - ai-cv-advisor - ERROR - Error loading personas from startup_specialist.yaml: 'role'
2026-02-15 14:20:01,198 - ai-cv-advisor - ERROR - Error loading personas from general.yaml: 'role'
2026-02-15 14:20:01,199 - ai-cv-advisor - ERROR - Error loading personas from executive.yaml: 'role'
2026-02-15 14:20:01,200 - ai-cv-advisor - INFO - Successfully loaded 0 personas.
2026-02-15 14:20:41,896 - ai-cv-advisor - INFO - Using system default models for Google.
2026-02-15 14:20:46,849 - ai-cv-advisor - INFO - Parsing CV file: Carlos Rodriguez Trigueros - 2026.pdf
2026-02-15 14:20:52,027 - ai-cv-advisor - INFO - Attempting to scrape job from: https://www.linkedin.com/jobs/view/4292334898/
2026-02-15 14:20:52,595 - ai-cv-advisor - INFO - Successfully scraped 8758 characters from https://www.linkedin.com/jobs/view/4292334898/
2026-02-15 14:20:54,207 - ai-cv-advisor - INFO - Loading personas from /Users/k/Documents/GitHub/ai-cv-advisor-board/personas
2026-02-15 14:20:54,210 - ai-cv-advisor - ERROR - Error loading personas from product_design.yaml: 'role'
2026-02-15 14:20:54,212 - ai-cv-advisor - ERROR - Error loading personas from matchmaker.yaml: 'role'
2026-02-15 14:20:54,214 - ai-cv-advisor - ERROR - Error loading personas from it_specialist.yaml: 'role'
2026-02-15 14:20:54,216 - ai-cv-advisor - ERROR - Error loading personas from startup_specialist.yaml: 'role'
2026-02-15 14:20:54,218 - ai-cv-advisor - ERROR - Error loading personas from general.yaml: 'role'
2026-02-15 14:20:54,220 - ai-cv-advisor - ERROR - Error loading personas from executive.yaml: 'role'
2026-02-15 14:20:54,221 - ai-cv-advisor - INFO - Successfully loaded 0 personas.
2026-02-15 14:21:35,711 - ai-cv-advisor - INFO - Using system default models for Google.
2026-02-15 14:21:40,377 - ai-cv-advisor - INFO - Parsing CV file: Carlos Rodriguez Trigueros - 2026.pdf
2026-02-15 14:21:47,618 - ai-cv-advisor - INFO - Loading personas from /Users/k/Documents/GitHub/ai-cv-advisor-board/personas
2026-02-15 14:21:47,629 - ai-cv-advisor - INFO - Successfully loaded 12 personas.
2026-02-15 14:21:52,517 - ai-cv-advisor - INFO - Loading personas from /Users/k/Documents/GitHub/ai-cv-advisor-board/personas
2026-02-15 14:21:52,526 - ai-cv-advisor - INFO - Successfully loaded 12 personas.
2026-02-15 14:21:54,511 - ai-cv-advisor - INFO - Loading personas from /Users/k/Documents/GitHub/ai-cv-advisor-board/personas
2026-02-15 14:21:54,520 - ai-cv-advisor - INFO - Successfully loaded 12 personas.
2026-02-15 14:21:56,987 - ai-cv-advisor - INFO - Loading personas from /Users/k/Documents/GitHub/ai-cv-advisor-board/personas
2026-02-15 14:21:56,993 - ai-cv-advisor - INFO - Successfully loaded 12 personas.
2026-02-15 14:21:59,464 - ai-cv-advisor - INFO - Loading personas from /Users/k/Documents/GitHub/ai-cv-advisor-board/personas
2026-02-15 14:21:59,471 - ai-cv-advisor - INFO - Successfully loaded 12 personas.
2026-02-15 14:22:07,112 - ai-cv-advisor - INFO - Loading personas from /Users/k/Documents/GitHub/ai-cv-advisor-board/personas
2026-02-15 14:22:07,119 - ai-cv-advisor - INFO - Successfully loaded 12 personas.
2026-02-15 14:22:12,927 - ai-cv-advisor - INFO - Loading personas from /Users/k/Documents/GitHub/ai-cv-advisor-board/personas
2026-02-15 14:22:12,934 - ai-cv-advisor - INFO - Successfully loaded 12 personas.
2026-02-15 14:29:43,414 - ai-cv-advisor - INFO - Using system default models for Google.
2026-02-15 14:29:47,804 - ai-cv-advisor - INFO - Parsing CV file: Carlos Rodriguez Trigueros - 2026.pdf
2026-02-15 14:29:55,414 - ai-cv-advisor - INFO - Loading personas from /Users/k/Documents/GitHub/ai-cv-advisor-board/personas
2026-02-15 14:29:55,424 - ai-cv-advisor - INFO - Successfully loaded 12 personas.
2026-02-15 14:29:58,548 - ai-cv-advisor - INFO - Loading personas from /Users/k/Documents/GitHub/ai-cv-advisor-board/personas
2026-02-15 14:29:58,557 - ai-cv-advisor - INFO - Successfully loaded 12 personas.
2026-02-15 14:29:59,937 - ai-cv-advisor - INFO - Loading personas from /Users/k/Documents/GitHub/ai-cv-advisor-board/personas
2026-02-15 14:29:59,944 - ai-cv-advisor - INFO - Successfully loaded 12 personas.
2026-02-15 14:30:00,868 - ai-cv-advisor - INFO - Loading personas from /Users/k/Documents/GitHub/ai-cv-advisor-board/personas
2026-02-15 14:30:00,875 - ai-cv-advisor - INFO - Successfully loaded 12 personas.
2026-02-15 14:31:43,218 - ai-cv-advisor - INFO - Using system default models for Google.
2026-02-15 14:31:48,401 - ai-cv-advisor - INFO - Parsing CV file: Carlos Rodriguez Trigueros - 2026.pdf
2026-02-15 14:31:55,864 - ai-cv-advisor - INFO - Loading personas from /Users/k/Documents/GitHub/ai-cv-advisor-board/personas
2026-02-15 14:31:55,873 - ai-cv-advisor - INFO - Successfully loaded 12 personas.
2026-02-15 14:32:11,014 - ai-cv-advisor - INFO - Loading personas from /Users/k/Documents/GitHub/ai-cv-advisor-board/personas
2026-02-15 14:32:11,021 - ai-cv-advisor - INFO - Successfully loaded 12 personas.
2026-02-15 14:32:51,636 - ai-cv-advisor - INFO - Creating analysis crew with 1 specialists...
2026-02-15 14:32:51,652 - ai-cv-advisor - INFO - Analysis crew successfully created.
2026-02-15 14:33:28,812 - ai-cv-advisor - INFO - Generating PDF from Markdown...
2026-02-15 14:33:28,925 - ai-cv-advisor - INFO - PDF generated successfully.
2026-02-15 14:36:24,841 - ai-cv-advisor - INFO - Using system default models for Google.
2026-02-15 14:36:29,222 - ai-cv-advisor - INFO - Parsing CV file: Carlos Rodriguez Trigueros - 2026.pdf
2026-02-15 14:36:34,651 - ai-cv-advisor - INFO - Loading personas from /Users/k/Documents/GitHub/ai-cv-advisor-board/personas
2026-02-15 14:36:34,660 - ai-cv-advisor - INFO - Successfully loaded 12 personas.
2026-02-15 14:36:36,184 - ai-cv-advisor - INFO - Loading personas from /Users/k/Documents/GitHub/ai-cv-advisor-board/personas
2026-02-15 14:36:36,191 - ai-cv-advisor - INFO - Successfully loaded 12 personas.
2026-02-15 14:37:25,036 - ai-cv-advisor - INFO - Using system default models for Google.
2026-02-15 14:37:29,354 - ai-cv-advisor - INFO - Parsing CV file: Carlos Rodriguez Trigueros - 2026.pdf
2026-02-15 14:38:34,904 - ai-cv-advisor - INFO - Using system default models for Google.
2026-02-15 14:38:39,763 - ai-cv-advisor - INFO - Parsing CV file: Carlos Rodriguez Trigueros - 2026.pdf
2026-02-15 14:38:45,225 - ai-cv-advisor - INFO - Loading personas from /Users/k/Documents/GitHub/ai-cv-advisor-board/personas
2026-02-15 14:38:45,236 - ai-cv-advisor - INFO - Successfully loaded 12 personas.
2026-02-15 14:38:46,875 - ai-cv-advisor - INFO - Loading personas from /Users/k/Documents/GitHub/ai-cv-advisor-board/personas
2026-02-15 14:38:46,883 - ai-cv-advisor - INFO - Successfully loaded 12 personas.
2026-02-15 14:38:52,173 - ai-cv-advisor - INFO - Loading personas from /Users/k/Documents/GitHub/ai-cv-advisor-board/personas
2026-02-15 14:38:52,182 - ai-cv-advisor - INFO - Successfully loaded 12 personas.
2026-02-15 14:38:54,222 - ai-cv-advisor - INFO - Loading personas from /Users/k/Documents/GitHub/ai-cv-advisor-board/personas
2026-02-15 14:38:54,229 - ai-cv-advisor - INFO - Successfully loaded 12 personas.
2026-02-15 14:38:56,630 - ai-cv-advisor - INFO - Creating analysis crew with 1 specialists...
2026-02-15 14:38:56,647 - ai-cv-advisor - INFO - Analysis crew successfully created.
2026-02-15 14:39:30,710 - ai-cv-advisor - INFO - Generating PDF from Markdown...
2026-02-15 14:39:30,789 - ai-cv-advisor - INFO - PDF generated successfully.
2026-02-15 14:39:59,868 - ai-cv-advisor - INFO - Generating PDF from Markdown...
2026-02-15 14:39:59,937 - ai-cv-advisor - INFO - PDF generated successfully.
2026-02-15 14:40:09,219 - ai-cv-advisor - INFO - Loading personas from /Users/k/Documents/GitHub/ai-cv-advisor-board/personas
2026-02-15 14:40:09,226 - ai-cv-advisor - INFO - Successfully loaded 12 personas.
2026-02-15 14:40:09,226 - ai-cv-advisor - INFO - Creating analysis crew with 1 specialists...
2026-02-15 14:40:09,237 - ai-cv-advisor - INFO - Analysis crew successfully created.
2026-02-15 14:40:40,745 - ai-cv-advisor - INFO - Generating PDF from Markdown...
2026-02-15 14:40:40,815 - ai-cv-advisor - INFO - PDF generated successfully.
2026-02-15 14:47:40,756 - ai-cv-advisor - INFO - Using system default models for Google.
2026-02-15 14:47:45,320 - ai-cv-advisor - INFO - Parsing CV file: Carlos Rodriguez Trigueros - 2026.pdf
2026-02-15 14:47:51,286 - ai-cv-advisor - INFO - Attempting to scrape job from: https://www.linkedin.com/jobs/view/4292334898/
2026-02-15 14:47:52,045 - ai-cv-advisor - INFO - Successfully scraped 8758 characters from https://www.linkedin.com/jobs/view/4292334898/
2026-02-15 14:49:08,930 - ai-cv-advisor - INFO - Using system default models for Google.
2026-02-15 14:49:13,436 - ai-cv-advisor - INFO - Parsing CV file: Carlos Rodriguez Trigueros - 2026.pdf
2026-02-15 14:49:19,418 - ai-cv-advisor - INFO - Attempting to scrape job from: https://www.linkedin.com/jobs/view/4292334898/
2026-02-15 14:49:19,997 - ai-cv-advisor - INFO - Successfully scraped 8758 characters from https://www.linkedin.com/jobs/view/4292334898/
2026-02-15 14:49:21,943 - ai-cv-advisor - INFO - Loading personas from /Users/k/Documents/GitHub/ai-cv-advisor-board/personas
2026-02-15 14:49:21,953 - ai-cv-advisor - INFO - Successfully loaded 12 personas.
2026-02-15 14:49:24,079 - ai-cv-advisor - INFO - Loading personas from /Users/k/Documents/GitHub/ai-cv-advisor-board/personas
2026-02-15 14:49:24,086 - ai-cv-advisor - INFO - Successfully loaded 12 personas.
2026-02-15 14:49:28,050 - ai-cv-advisor - INFO - Creating analysis crew with 1 specialists...
2026-02-15 14:49:28,064 - ai-cv-advisor - INFO - Analysis crew successfully created.
2026-02-15 14:50:03,232 - ai-cv-advisor - INFO - Generating PDF from Markdown...
2026-02-15 14:50:03,300 - ai-cv-advisor - INFO - PDF generated successfully.
2026-02-15 14:52:25,675 - ai-cv-advisor - INFO - Using system default models for Google.
2026-02-15 14:52:30,391 - ai-cv-advisor - INFO - Parsing CV file: Carlos Rodriguez Trigueros - 2026.pdf
2026-02-15 14:52:39,750 - ai-cv-advisor - INFO - Attempting to scrape job from: https://www.linkedin.com/jobs/view/4292334898/
2026-02-15 14:52:40,370 - ai-cv-advisor - INFO - Successfully scraped 8758 characters from https://www.linkedin.com/jobs/view/4292334898/
2026-02-15 14:52:43,002 - ai-cv-advisor - INFO - Loading personas from /Users/k/Documents/GitHub/ai-cv-advisor-board/personas
2026-02-15 14:52:43,014 - ai-cv-advisor - INFO - Successfully loaded 12 personas.
2026-02-15 14:52:44,632 - ai-cv-advisor - INFO - Loading personas from /Users/k/Documents/GitHub/ai-cv-advisor-board/personas
2026-02-15 14:52:44,640 - ai-cv-advisor - INFO - Successfully loaded 12 personas.
2026-02-15 14:52:46,916 - ai-cv-advisor - INFO - Creating analysis crew with 1 specialists...
2026-02-15 14:52:46,930 - ai-cv-advisor - INFO - Analysis crew successfully created.
2026-02-15 14:53:22,568 - ai-cv-advisor - INFO - Generating PDF from Markdown...
2026-02-15 14:53:22,626 - ai-cv-advisor - INFO - PDF generated successfully.
2026-02-15 15:30:36,169 - ai-cv-advisor - INFO - Using system default models for Google.
2026-02-15 15:30:41,169 - ai-cv-advisor - INFO - Parsing CV file: Carlos Rodriguez Trigueros - 2026.pdf
2026-02-15 15:30:48,447 - ai-cv-advisor - INFO - Attempting to scrape job from: https://www.linkedin.com/jobs/view/4292334898
2026-02-15 15:30:49,200 - ai-cv-advisor - INFO - Successfully scraped 8758 characters from https://www.linkedin.com/jobs/view/4292334898
2026-02-15 15:30:52,500 - ai-cv-advisor - INFO - Loading personas from /Users/k/Documents/GitHub/ai-cv-advisor-board/personas
2026-02-15 15:30:52,511 - ai-cv-advisor - INFO - Successfully loaded 12 personas.
2026-02-15 15:30:53,777 - ai-cv-advisor - INFO - Loading personas from /Users/k/Documents/GitHub/ai-cv-advisor-board/personas
2026-02-15 15:30:53,786 - ai-cv-advisor - INFO - Successfully loaded 12 personas.
2026-02-15 15:30:55,163 - ai-cv-advisor - INFO - Loading personas from /Users/k/Documents/GitHub/ai-cv-advisor-board/personas
2026-02-15 15:30:55,171 - ai-cv-advisor - INFO - Successfully loaded 12 personas.
2026-02-15 15:30:57,308 - ai-cv-advisor - INFO - Creating analysis crew with 2 specialists...
2026-02-15 15:30:57,325 - ai-cv-advisor - INFO - Analysis crew successfully created.
2026-02-15 15:31:41,634 - ai-cv-advisor - INFO - Generating PDF from Markdown...
2026-02-15 15:31:41,704 - ai-cv-advisor - INFO - PDF generated successfully.
2026-02-15 15:33:22,866 - ai-cv-advisor - INFO - Using system default models for Google.
2026-02-15 15:33:36,230 - ai-cv-advisor - INFO - Using system default models for Google.
2026-02-15 15:33:41,172 - ai-cv-advisor - INFO - Parsing CV file: Carlos Rodriguez Trigueros - 2026.pdf
2026-02-15 15:33:48,318 - ai-cv-advisor - INFO - Attempting to scrape job from: https://www.linkedin.com/jobs/view/4292334898
2026-02-15 15:33:49,016 - ai-cv-advisor - INFO - Successfully scraped 8758 characters from https://www.linkedin.com/jobs/view/4292334898
2026-02-15 15:33:51,055 - ai-cv-advisor - INFO - Loading personas from /Users/k/Documents/GitHub/ai-cv-advisor-board/personas
2026-02-15 15:33:51,067 - ai-cv-advisor - INFO - Successfully loaded 12 personas.
2026-02-15 15:33:54,903 - ai-cv-advisor - INFO - Loading personas from /Users/k/Documents/GitHub/ai-cv-advisor-board/personas
2026-02-15 15:33:54,913 - ai-cv-advisor - INFO - Successfully loaded 12 personas.
2026-02-15 15:33:55,745 - ai-cv-advisor - INFO - Loading personas from /Users/k/Documents/GitHub/ai-cv-advisor-board/personas
2026-02-15 15:33:55,752 - ai-cv-advisor - INFO - Successfully loaded 12 personas.
2026-02-15 15:33:56,885 - ai-cv-advisor - INFO - Loading personas from /Users/k/Documents/GitHub/ai-cv-advisor-board/personas
2026-02-15 15:33:56,894 - ai-cv-advisor - INFO - Successfully loaded 12 personas.
2026-02-15 15:33:57,740 - ai-cv-advisor - INFO - Loading personas from /Users/k/Documents/GitHub/ai-cv-advisor-board/personas
2026-02-15 15:33:57,747 - ai-cv-advisor - INFO - Successfully loaded 12 personas.
2026-02-15 15:33:59,786 - ai-cv-advisor - INFO - Creating analysis crew with 2 specialists...
2026-02-15 15:33:59,806 - ai-cv-advisor - INFO - Analysis crew successfully created.
2026-02-15 15:34:35,425 - ai-cv-advisor - INFO - Generating PDF from Markdown...
2026-02-15 15:34:35,501 - ai-cv-advisor - INFO - PDF generated successfully.
2026-02-15 15:34:52,248 - ai-cv-advisor - INFO - Generating PDF from Markdown...
2026-02-15 15:34:52,322 - ai-cv-advisor - INFO - PDF generated successfully.
2026-02-15 15:44:23,911 - ai-cv-advisor - INFO - Using system default models for Google.
2026-02-15 17:05:11,641 - ai-cv-advisor - INFO - Using system default models for Google.
2026-02-15 17:05:19,235 - ai-cv-advisor - INFO - Parsing CV file: Carlos Rodriguez Trigueros - 2026.pdf
2026-02-15 17:05:25,084 - ai-cv-advisor - INFO - Attempting to scrape job from: https://www.linkedin.com/jobs/view/4292334898
2026-02-15 17:05:25,702 - ai-cv-advisor - INFO - Successfully scraped 8758 characters from https://www.linkedin.com/jobs/view/4292334898
2026-02-15 17:05:27,505 - ai-cv-advisor - INFO - Loading personas from /Users/k/Documents/GitHub/ai-cv-advisory-board/personas
2026-02-15 17:05:27,518 - ai-cv-advisor - INFO - Successfully loaded 12 personas.
2026-02-15 17:05:29,551 - ai-cv-advisor - INFO - Loading personas from /Users/k/Documents/GitHub/ai-cv-advisory-board/personas
2026-02-15 17:05:29,560 - ai-cv-advisor - INFO - Successfully loaded 12 personas.
2026-02-15 17:07:34,930 - ai-cv-advisor - INFO - Using system default models for Google.
2026-02-15 17:07:39,651 - ai-cv-advisor - INFO - Parsing CV file: Carlos Rodriguez Trigueros - 2026.pdf
2026-02-15 17:07:45,999 - ai-cv-advisor - INFO - Attempting to scrape job from: https://www.linkedin.com/jobs/view/4292334898
2026-02-15 17:07:46,607 - ai-cv-advisor - INFO - Successfully scraped 8758 characters from https://www.linkedin.com/jobs/view/4292334898
2026-02-15 17:07:48,092 - ai-cv-advisor - INFO - Loading personas from /Users/k/Documents/GitHub/ai-cv-advisory-board/personas
2026-02-15 17:07:48,109 - ai-cv-advisor - INFO - Successfully loaded 12 personas.
2026-02-15 17:07:50,677 - ai-cv-advisor - INFO - Loading personas from /Users/k/Documents/GitHub/ai-cv-advisory-board/personas
2026-02-15 17:07:50,685 - ai-cv-advisor - INFO - Successfully loaded 12 personas.
2026-02-15 17:07:54,091 - ai-cv-advisor - INFO - Loading personas from /Users/k/Documents/GitHub/ai-cv-advisory-board/personas
2026-02-15 17:07:54,099 - ai-cv-advisor - INFO - Successfully loaded 12 personas.
2026-02-15 17:08:04,969 - ai-cv-advisor - INFO - Loading personas from /Users/k/Documents/GitHub/ai-cv-advisory-board/personas
2026-02-15 17:08:04,979 - ai-cv-advisor - INFO - Successfully loaded 12 personas.
2026-02-15 17:08:06,765 - ai-cv-advisor - INFO - Loading personas from /Users/k/Documents/GitHub/ai-cv-advisory-board/personas
2026-02-15 17:08:06,775 - ai-cv-advisor - INFO - Successfully loaded 12 personas.
2026-02-15 17:08:11,664 - ai-cv-advisor - INFO - Creating analysis crew with 2 specialists...
2026-02-15 17:08:11,691 - ai-cv-advisor - INFO - Analysis crew successfully created.
2026-02-15 17:09:15,294 - ai-cv-advisor - INFO - Generating PDF from Markdown...
2026-02-15 17:09:15,360 - ai-cv-advisor - INFO - PDF generated successfully.
2026-02-15 17:09:27,876 - ai-cv-advisor - INFO - Generating PDF from Markdown...
2026-02-15 17:09:27,944 - ai-cv-advisor - INFO - PDF generated successfully.
2026-02-15 17:12:51,984 - ai-cv-advisor - INFO - Using system default models for Google.
2026-02-15 17:12:56,278 - ai-cv-advisor - INFO - Parsing CV file: Carlos Rodriguez Trigueros - 2026.pdf
2026-02-15 17:13:04,875 - ai-cv-advisor - INFO - Attempting to scrape job from: https://www.linkedin.com/jobs/view/4292334898
2026-02-15 17:13:05,605 - ai-cv-advisor - INFO - Successfully scraped 8758 characters from https://www.linkedin.com/jobs/view/4292334898
2026-02-15 17:13:06,779 - ai-cv-advisor - INFO - Loading personas from /Users/k/Documents/GitHub/ai-cv-advisory-board/personas
2026-02-15 17:13:06,793 - ai-cv-advisor - INFO - Successfully loaded 12 personas.
2026-02-15 17:13:09,226 - ai-cv-advisor - INFO - Loading personas from /Users/k/Documents/GitHub/ai-cv-advisory-board/personas
2026-02-15 17:13:09,234 - ai-cv-advisor - INFO - Successfully loaded 12 personas.
2026-02-15 17:13:11,125 - ai-cv-advisor - INFO - Creating analysis crew with 1 specialists...
2026-02-15 17:13:11,143 - ai-cv-advisor - INFO - Analysis crew successfully created.
2026-02-15 17:13:55,774 - ai-cv-advisor - INFO - Generating PDF from Markdown...
2026-02-15 17:13:55,836 - ai-cv-advisor - INFO - PDF generated successfully.
2026-02-15 17:14:27,517 - ai-cv-advisor - INFO - Generating PDF from Markdown...
2026-02-15 17:14:27,591 - ai-cv-advisor - INFO - PDF generated successfully.
2026-02-15 17:18:17,101 - ai-cv-advisor - INFO - Using system default models for Google.
2026-02-15 17:18:21,073 - ai-cv-advisor - INFO - Parsing CV file: Carlos Rodriguez Trigueros - 2026.pdf
2026-02-15 17:18:33,893 - ai-cv-advisor - INFO - Using system default models for Google.
2026-02-15 17:18:38,070 - ai-cv-advisor - INFO - Parsing CV file: Carlos Rodriguez Trigueros - 2026.pdf
2026-02-15 17:18:40,742 - ai-cv-advisor - INFO - Attempting to scrape job from: https://www.linkedin.com/jobs/view/4292334898
2026-02-15 17:18:41,469 - ai-cv-advisor - INFO - Successfully scraped 8758 characters from https://www.linkedin.com/jobs/view/4292334898
2026-02-15 17:18:42,533 - ai-cv-advisor - INFO - Loading personas from /Users/k/Documents/GitHub/ai-cv-advisory-board/personas
2026-02-15 17:18:42,549 - ai-cv-advisor - INFO - Successfully loaded 12 personas.
2026-02-15 17:18:45,213 - ai-cv-advisor - INFO - Loading personas from /Users/k/Documents/GitHub/ai-cv-advisory-board/personas
2026-02-15 17:18:45,222 - ai-cv-advisor - INFO - Successfully loaded 12 personas.
2026-02-15 17:18:46,250 - ai-cv-advisor - INFO - Loading personas from /Users/k/Documents/GitHub/ai-cv-advisory-board/personas
2026-02-15 17:18:46,257 - ai-cv-advisor - INFO - Successfully loaded 12 personas.
2026-02-15 17:18:47,075 - ai-cv-advisor - INFO - Loading personas from /Users/k/Documents/GitHub/ai-cv-advisory-board/personas
2026-02-15 17:18:47,082 - ai-cv-advisor - INFO - Successfully loaded 12 personas.
2026-02-15 17:18:49,972 - ai-cv-advisor - INFO - Loading personas from /Users/k/Documents/GitHub/ai-cv-advisory-board/personas
2026-02-15 17:18:49,978 - ai-cv-advisor - INFO - Successfully loaded 12 personas.
2026-02-15 17:18:52,747 - ai-cv-advisor - INFO - Loading personas from /Users/k/Documents/GitHub/ai-cv-advisory-board/personas
2026-02-15 17:18:52,754 - ai-cv-advisor - INFO - Successfully loaded 12 personas.
2026-02-15 17:18:54,272 - ai-cv-advisor - INFO - Loading personas from /Users/k/Documents/GitHub/ai-cv-advisory-board/personas
2026-02-15 17:18:54,281 - ai-cv-advisor - INFO - Successfully loaded 12 personas.
2026-02-15 17:18:56,810 - ai-cv-advisor - INFO - Loading personas from /Users/k/Documents/GitHub/ai-cv-advisory-board/personas
2026-02-15 17:18:56,818 - ai-cv-advisor - INFO - Successfully loaded 12 personas.
2026-02-15 17:18:57,262 - ai-cv-advisor - INFO - Loading personas from /Users/k/Documents/GitHub/ai-cv-advisory-board/personas
2026-02-15 17:18:57,271 - ai-cv-advisor - INFO - Successfully loaded 12 personas.
2026-02-15 17:18:58,755 - ai-cv-advisor - INFO - Loading personas from /Users/k/Documents/GitHub/ai-cv-advisory-board/personas
2026-02-15 17:18:58,763 - ai-cv-advisor - INFO - Successfully loaded 12 personas.
2026-02-15 17:18:59,691 - ai-cv-advisor - INFO - Loading personas from /Users/k/Documents/GitHub/ai-cv-advisory-board/personas
2026-02-15 17:18:59,700 - ai-cv-advisor - INFO - Successfully loaded 12 personas.
2026-02-15 17:19:03,037 - ai-cv-advisor - INFO - Loading personas from /Users/k/Documents/GitHub/ai-cv-advisory-board/personas
2026-02-15 17:19:03,044 - ai-cv-advisor - INFO - Successfully loaded 12 personas.
2026-02-15 17:19:04,417 - ai-cv-advisor - INFO - Loading personas from /Users/k/Documents/GitHub/ai-cv-advisory-board/personas
2026-02-15 17:19:04,426 - ai-cv-advisor - INFO - Successfully loaded 12 personas.
2026-02-15 17:19:05,716 - ai-cv-advisor - INFO - Loading personas from /Users/k/Documents/GitHub/ai-cv-advisory-board/personas
2026-02-15 17:19:05,725 - ai-cv-advisor - INFO - Successfully loaded 12 personas.
2026-02-15 17:19:07,091 - ai-cv-advisor - INFO - Loading personas from /Users/k/Documents/GitHub/ai-cv-advisory-board/personas
2026-02-15 17:19:07,097 - ai-cv-advisor - INFO - Successfully loaded 12 personas.
2026-02-15 17:19:10,356 - ai-cv-advisor - INFO - Loading personas from /Users/k/Documents/GitHub/ai-cv-advisory-board/personas
2026-02-15 17:19:10,364 - ai-cv-advisor - INFO - Successfully loaded 12 personas.
2026-02-15 17:19:15,550 - ai-cv-advisor - INFO - Loading personas from /Users/k/Documents/GitHub/ai-cv-advisory-board/personas
2026-02-15 17:19:15,559 - ai-cv-advisor - INFO - Successfully loaded 12 personas.
2026-02-15 17:19:16,634 - ai-cv-advisor - INFO - Loading personas from /Users/k/Documents/GitHub/ai-cv-advisory-board/personas
2026-02-15 17:19:16,643 - ai-cv-advisor - INFO - Successfully loaded 12 personas.
2026-02-15 17:19:18,015 - ai-cv-advisor - INFO - Loading personas from /Users/k/Documents/GitHub/ai-cv-advisory-board/personas
2026-02-15 17:19:18,021 - ai-cv-advisor - INFO - Successfully loaded 12 personas.
2026-02-15 17:19:19,634 - ai-cv-advisor - INFO - Creating analysis crew with 1 specialists...
2026-02-15 17:19:19,652 - ai-cv-advisor - INFO - Analysis crew successfully created.
2026-02-15 17:20:03,293 - ai-cv-advisor - INFO - Generating PDF from Markdown...
2026-02-15 17:20:03,392 - ai-cv-advisor - INFO - PDF generated successfully.
2026-02-15 17:20:10,590 - ai-cv-advisor - INFO - Generating PDF from Markdown...
2026-02-15 17:20:10,724 - ai-cv-advisor - INFO - PDF generated successfully.
2026-02-15 17:23:37,082 - ai-cv-advisor - INFO - Using system default models for Google.
2026-02-15 17:23:41,557 - ai-cv-advisor - INFO - Parsing CV file: Carlos Rodriguez Trigueros - 2026.pdf
2026-02-15 17:23:48,021 - ai-cv-advisor - INFO - Attempting to scrape job from: https://www.linkedin.com/jobs/view/4292334898
2026-02-15 17:23:48,870 - ai-cv-advisor - INFO - Successfully scraped 8758 characters from https://www.linkedin.com/jobs/view/4292334898
2026-02-15 17:23:49,984 - ai-cv-advisor - INFO - Loading personas from /Users/k/Documents/GitHub/ai-cv-advisory-board/personas
2026-02-15 17:23:49,998 - ai-cv-advisor - INFO - Successfully loaded 12 personas.
2026-02-15 17:23:51,943 - ai-cv-advisor - INFO - Loading personas from /Users/k/Documents/GitHub/ai-cv-advisory-board/personas
2026-02-15 17:23:51,953 - ai-cv-advisor - INFO - Successfully loaded 12 personas.
2026-02-15 17:23:53,734 - ai-cv-advisor - INFO - Creating analysis crew with 1 specialists...
2026-02-15 17:23:53,752 - ai-cv-advisor - INFO - Analysis crew successfully created.
2026-02-15 17:24:30,271 - ai-cv-advisor - INFO - Generating PDF from Markdown...
2026-02-15 17:24:30,373 - ai-cv-advisor - INFO - PDF generated successfully.
2026-02-15 17:25:44,162 - ai-cv-advisor - INFO - Generating PDF from Markdown...
2026-02-15 17:25:44,294 - ai-cv-advisor - INFO - PDF generated successfully.
2026-02-15 17:28:51,937 - ai-cv-advisor - INFO - Using system default models for Google.
2026-02-15 17:28:56,642 - ai-cv-advisor - INFO - Parsing CV file: Carlos Rodriguez Trigueros - 2026.pdf
2026-02-15 17:29:02,928 - ai-cv-advisor - INFO - Attempting to scrape job from: https://www.linkedin.com/jobs/view/4292334898
2026-02-15 17:29:03,759 - ai-cv-advisor - INFO - Successfully scraped 8758 characters from https://www.linkedin.com/jobs/view/4292334898
2026-02-15 17:29:05,017 - ai-cv-advisor - INFO - Loading personas from /Users/k/Documents/GitHub/ai-cv-advisory-board/personas
2026-02-15 17:29:05,030 - ai-cv-advisor - INFO - Successfully loaded 12 personas.
2026-02-15 17:29:06,821 - ai-cv-advisor - INFO - Loading personas from /Users/k/Documents/GitHub/ai-cv-advisory-board/personas
2026-02-15 17:29:06,831 - ai-cv-advisor - INFO - Successfully loaded 12 personas.
2026-02-15 17:29:10,475 - ai-cv-advisor - INFO - Creating analysis crew with 1 specialists...
2026-02-15 17:29:10,492 - ai-cv-advisor - INFO - Analysis crew successfully created.
2026-02-15 17:29:58,562 - ai-cv-advisor - INFO - Generating PDF from Markdown...
2026-02-15 17:29:58,677 - ai-cv-advisor - INFO - PDF generated successfully.
2026-02-15 17:30:25,495 - ai-cv-advisor - INFO - Generating PDF from Markdown...
2026-02-15 17:30:25,649 - ai-cv-advisor - INFO - PDF generated successfully.
2026-02-15 17:33:28,959 - ai-cv-advisor - INFO - Using system default models for Google.
2026-02-15 17:33:33,277 - ai-cv-advisor - INFO - Parsing CV file: Carlos Rodriguez Trigueros - 2026.pdf
2026-02-15 17:33:39,918 - ai-cv-advisor - INFO - Attempting to scrape job from: https://www.linkedin.com/jobs/view/4292334898
2026-02-15 17:33:40,648 - ai-cv-advisor - INFO - Successfully scraped 8758 characters from https://www.linkedin.com/jobs/view/4292334898
2026-02-15 17:33:42,289 - ai-cv-advisor - INFO - Loading personas from /Users/k/Documents/GitHub/ai-cv-advisory-board/personas
2026-02-15 17:33:42,305 - ai-cv-advisor - INFO - Successfully loaded 12 personas.
2026-02-15 17:33:43,783 - ai-cv-advisor - INFO - Loading personas from /Users/k/Documents/GitHub/ai-cv-advisory-board/personas
2026-02-15 17:33:43,791 - ai-cv-advisor - INFO - Successfully loaded 12 personas.
2026-02-15 17:33:46,423 - ai-cv-advisor - INFO - Creating analysis crew with 1 specialists...
2026-02-15 17:33:46,439 - ai-cv-advisor - INFO - Analysis crew successfully created.
2026-02-15 17:34:32,043 - ai-cv-advisor - INFO - Generating PDF from Markdown...
2026-02-15 17:34:32,142 - ai-cv-advisor - INFO - PDF generated successfully.
2026-02-15 17:35:28,593 - ai-cv-advisor - INFO - Generating PDF from Markdown...
2026-02-15 17:35:28,734 - ai-cv-advisor - INFO - PDF generated successfully.
2026-02-15 17:41:49,446 - ai-cv-advisor - INFO - Using system default models for Google.
2026-02-15 17:42:01,272 - ai-cv-advisor - INFO - Using system default models for Google.
2026-02-15 17:42:27,720 - ai-cv-advisor - INFO - Using system default models for Google.
2026-02-15 17:42:33,332 - ai-cv-advisor - INFO - Parsing CV file: Carlos Rodriguez Trigueros - 2026.pdf
2026-02-15 17:42:41,224 - ai-cv-advisor - INFO - Attempting to scrape job from: https://www.linkedin.com/jobs/view/4292334898
2026-02-15 17:42:41,964 - ai-cv-advisor - INFO - Successfully scraped 8758 characters from https://www.linkedin.com/jobs/view/4292334898
2026-02-15 17:42:45,338 - ai-cv-advisor - INFO - Loading personas from /Users/k/Documents/GitHub/ai-cv-advisory-board/personas
2026-02-15 17:42:45,354 - ai-cv-advisor - INFO - Successfully loaded 12 personas.
2026-02-15 17:42:48,474 - ai-cv-advisor - INFO - Loading personas from /Users/k/Documents/GitHub/ai-cv-advisory-board/personas
2026-02-15 17:42:48,483 - ai-cv-advisor - INFO - Successfully loaded 12 personas.
2026-02-15 17:42:49,592 - ai-cv-advisor - INFO - Loading personas from /Users/k/Documents/GitHub/ai-cv-advisory-board/personas
2026-02-15 17:42:49,600 - ai-cv-advisor - INFO - Successfully loaded 12 personas.
2026-02-15 17:42:51,736 - ai-cv-advisor - INFO - Creating analysis crew with 2 specialists...
2026-02-15 17:42:51,755 - ai-cv-advisor - INFO - Analysis crew successfully created.
2026-02-15 17:44:01,195 - ai-cv-advisor - INFO - Generating PDF from Markdown...
2026-02-15 17:44:01,315 - ai-cv-advisor - INFO - PDF generated successfully.
2026-02-15 17:44:19,617 - ai-cv-advisor - INFO - Generating PDF from Markdown...
2026-02-15 17:44:19,801 - ai-cv-advisor - INFO - PDF generated successfully.
2026-02-15 17:51:43,982 - ai-cv-advisor - INFO - Using system default models for Google.
2026-02-15 17:51:49,570 - ai-cv-advisor - INFO - Parsing CV file: Carlos Rodriguez Trigueros - 2026.pdf
2026-02-15 17:51:56,003 - ai-cv-advisor - INFO - Attempting to scrape job from: https://www.linkedin.com/jobs/view/4292334898
2026-02-15 17:51:56,643 - ai-cv-advisor - INFO - Successfully scraped 8758 characters from https://www.linkedin.com/jobs/view/4292334898
2026-02-15 17:51:58,558 - ai-cv-advisor - INFO - Loading personas from /Users/k/Documents/GitHub/ai-cv-advisory-board/personas
2026-02-15 17:51:58,569 - ai-cv-advisor - INFO - Successfully loaded 12 personas.
2026-02-15 17:52:00,647 - ai-cv-advisor - INFO - Loading personas from /Users/k/Documents/GitHub/ai-cv-advisory-board/personas
2026-02-15 17:52:00,654 - ai-cv-advisor - INFO - Successfully loaded 12 personas.
2026-02-15 17:52:03,813 - ai-cv-advisor - INFO - Loading personas from /Users/k/Documents/GitHub/ai-cv-advisory-board/personas
2026-02-15 17:52:03,826 - ai-cv-advisor - INFO - Successfully loaded 12 personas.
2026-02-15 17:52:05,393 - ai-cv-advisor - INFO - Loading personas from /Users/k/Documents/GitHub/ai-cv-advisory-board/personas
2026-02-15 17:52:05,401 - ai-cv-advisor - INFO - Successfully loaded 12 personas.
2026-02-15 17:52:07,029 - ai-cv-advisor - INFO - Loading personas from /Users/k/Documents/GitHub/ai-cv-advisory-board/personas
2026-02-15 17:52:07,037 - ai-cv-advisor - INFO - Successfully loaded 12 personas.
2026-02-15 17:52:09,919 - ai-cv-advisor - INFO - Creating analysis crew with 2 specialists...
2026-02-15 17:52:09,938 - ai-cv-advisor - INFO - Analysis crew successfully created.
2026-02-15 17:52:49,653 - ai-cv-advisor - INFO - Generating PDF from Markdown...
2026-02-15 17:52:49,794 - ai-cv-advisor - INFO - PDF generated successfully.
2026-02-15 17:54:04,191 - ai-cv-advisor - INFO - Generating PDF from Markdown...
2026-02-15 17:54:04,383 - ai-cv-advisor - INFO - PDF generated successfully.
2026-02-15 17:56:49,487 - ai-cv-advisor - INFO - Using system default models for Google.
2026-02-15 17:56:54,482 - ai-cv-advisor - INFO - Parsing CV file: Carlos Rodriguez Trigueros - 2026.pdf
2026-02-15 17:57:01,648 - ai-cv-advisor - INFO - Attempting to scrape job from: https://www.linkedin.com/jobs/view/4292334898
2026-02-15 17:57:02,283 - ai-cv-advisor - INFO - Successfully scraped 8758 characters from https://www.linkedin.com/jobs/view/4292334898
2026-02-15 17:57:04,294 - ai-cv-advisor - INFO - Loading personas from /Users/k/Documents/GitHub/ai-cv-advisory-board/personas
2026-02-15 17:57:04,308 - ai-cv-advisor - INFO - Successfully loaded 12 personas.
2026-02-15 17:57:07,058 - ai-cv-advisor - INFO - Loading personas from /Users/k/Documents/GitHub/ai-cv-advisory-board/personas
2026-02-15 17:57:07,067 - ai-cv-advisor - INFO - Successfully loaded 12 personas.
2026-02-15 17:57:08,147 - ai-cv-advisor - INFO - Loading personas from /Users/k/Documents/GitHub/ai-cv-advisory-board/personas
2026-02-15 17:57:08,159 - ai-cv-advisor - INFO - Successfully loaded 12 personas.
2026-02-15 17:57:10,900 - ai-cv-advisor - INFO - Creating analysis crew with 2 specialists...
2026-02-15 17:57:10,919 - ai-cv-advisor - INFO - Analysis crew successfully created.
2026-02-15 17:58:08,417 - ai-cv-advisor - INFO - Generating PDF from Markdown...
2026-02-15 17:58:08,545 - ai-cv-advisor - INFO - PDF generated successfully.
2026-02-15 17:58:29,781 - ai-cv-advisor - INFO - Generating PDF from Markdown...
2026-02-15 17:58:29,934 - ai-cv-advisor - INFO - PDF generated successfully.
2026-02-15 17:58:46,259 - ai-cv-advisor - INFO - Generating PDF from Markdown...
2026-02-15 17:58:46,387 - ai-cv-advisor - INFO - PDF generated successfully.
2026-02-16 17:23:13,809 - ai-cv-advisor - INFO - Using system default models for Google.
2026-02-16 17:23:20,480 - ai-cv-advisor - INFO - Parsing CV file: Carlos Rodriguez Trigueros - 2026.pdf
2026-02-16 17:23:29,836 - ai-cv-advisor - INFO - Attempting to scrape job from: https://www.linkedin.com/jobs/view/4292334898/
2026-02-16 17:23:30,590 - ai-cv-advisor - INFO - Successfully scraped 8758 characters from https://www.linkedin.com/jobs/view/4292334898/
2026-02-16 17:23:32,335 - ai-cv-advisor - INFO - Loading personas from /Users/k/Documents/GitHub/ai-cv-advisory-board/personas
2026-02-16 17:23:32,348 - ai-cv-advisor - INFO - Successfully loaded 12 personas.
2026-02-16 17:23:34,487 - ai-cv-advisor - INFO - Loading personas from /Users/k/Documents/GitHub/ai-cv-advisory-board/personas
2026-02-16 17:23:34,495 - ai-cv-advisor - INFO - Successfully loaded 12 personas.
2026-02-16 17:23:35,691 - ai-cv-advisor - INFO - Loading personas from /Users/k/Documents/GitHub/ai-cv-advisory-board/personas
2026-02-16 17:23:35,700 - ai-cv-advisor - INFO - Successfully loaded 12 personas.
2026-02-16 17:23:37,614 - ai-cv-advisor - INFO - Creating analysis crew with 2 specialists...
2026-02-16 17:23:37,633 - ai-cv-advisor - INFO - Analysis crew successfully created.
2026-02-16 17:24:13,807 - ai-cv-advisor - INFO - Generating PDF from Markdown...
2026-02-16 17:24:13,908 - ai-cv-advisor - INFO - PDF generated successfully.
2026-02-16 17:24:26,107 - ai-cv-advisor - INFO - Generating PDF from Markdown...
2026-02-16 17:24:26,255 - ai-cv-advisor - INFO - PDF generated successfully.
2026-02-16 17:25:59,322 - ai-cv-advisor - INFO - Using system default models for Google.
2026-02-16 17:26:04,832 - ai-cv-advisor - INFO - Parsing CV file: Carlos Rodriguez Trigueros - 2026.pdf
2026-02-16 17:26:13,655 - ai-cv-advisor - INFO - Attempting to scrape job from: https://www.linkedin.com/jobs/view/4292334898/
2026-02-16 17:26:14,300 - ai-cv-advisor - INFO - Successfully scraped 8758 characters from https://www.linkedin.com/jobs/view/4292334898/
2026-02-16 17:26:16,716 - ai-cv-advisor - INFO - Loading personas from /Users/k/Documents/GitHub/ai-cv-advisory-board/personas
2026-02-16 17:26:16,730 - ai-cv-advisor - INFO - Successfully loaded 12 personas.
2026-02-16 17:26:18,818 - ai-cv-advisor - INFO - Loading personas from /Users/k/Documents/GitHub/ai-cv-advisory-board/personas
2026-02-16 17:26:18,827 - ai-cv-advisor - INFO - Successfully loaded 12 personas.
2026-02-16 17:26:21,831 - ai-cv-advisor - INFO - Loading personas from /Users/k/Documents/GitHub/ai-cv-advisory-board/personas
2026-02-16 17:26:21,840 - ai-cv-advisor - INFO - Successfully loaded 12 personas.
2026-02-16 17:26:25,008 - ai-cv-advisor - INFO - Creating analysis crew with 2 specialists...
2026-02-16 17:26:25,024 - ai-cv-advisor - INFO - Analysis crew successfully created.
2026-02-16 17:27:02,380 - ai-cv-advisor - INFO - Generating PDF from Markdown...
2026-02-16 17:27:02,471 - ai-cv-advisor - INFO - PDF generated successfully.
2026-02-16 17:27:19,826 - ai-cv-advisor - INFO - Generating PDF from Markdown...
2026-02-16 17:27:19,958 - ai-cv-advisor - INFO - PDF generated successfully.
